<robot generator="Robot 7.0 (Python 3.9.6 on darwin)" generated="2024-04-15T12:08:11.528763" rpa="false" schemaversion="5">
<statistics>
<total>
<stat pass="1" fail="0" skip="0">All Tests</stat>
</total>
<tag>
</tag>
<suite>
<stat pass="1" fail="0" skip="0" id="s1" name="LocalTestiOS">LocalTestiOS</stat>
</suite>
</statistics>
<suite name="Suites" id="s0"><suite id="s1" name="LocalTestiOS 16, iPhone 14 Pro" source="/Users/avinash/Browserstack/sample_repos/robot-appium-app-browserstack/Tests/ios/LocalTestiOS.robot">
<test id="s1-t1" name="Test Networking app" line="12">
<kw name="Open app" type="SETUP">
<kw name="Open Application" owner="AppiumLibrary">
<msg time="2024-04-15T12:08:11.834299" level="INFO">Completed setup!</msg>
<arg>${REMOTE_URL}</arg>
<arg>app=${APP_ID}</arg>
<arg>platformName=ios</arg>
<arg>platformVersion=17</arg>
<arg>deviceName=iPhone 13</arg>
<arg>browserstack.local=true</arg>
<arg>autoGrantPermissions=true</arg>
<doc>Opens a new application to given Appium server.
Capabilities of appium server, Android and iOS,
Please check https://github.com/appium/appium/blob/master/docs/en/writing-running-appium/server-args.md
| *Option*            | *Man.* | *Description*     |
| remote_url          | Yes    | Appium server url |
| alias               | no     | alias             |
| strict_ssl          | No     | allows you to send commands to an invalid certificate host like a self-signed one. |</doc>
<status status="PASS" start="2024-04-15T12:08:11.813847" elapsed="18.404884" />
</kw>
<kw name="IMPLICIT WAIT" owner="implicit_wait">
<arg>5</arg>
<status status="PASS" start="2024-04-15T12:08:30.219917" elapsed="0.217420" />
</kw>
<status status="PASS" start="2024-04-15T12:08:11.809229" elapsed="18.628707" />
</kw>
<kw name="Test connection">
<kw name="Click Element" owner="AppiumLibrary">
<msg time="2024-04-15T12:08:30.445326" level="INFO">Clicking element 'id=TestBrowserStackLocal'.</msg>
<msg time="2024-04-15T12:08:31.379174" level="INFO">criteria is TestBrowserStackLocal</msg>
<arg>id=TestBrowserStackLocal</arg>
<doc>Click element identified by `locator`.</doc>
<status status="PASS" start="2024-04-15T12:08:30.439965" elapsed="0.939416" />
</kw>
<status status="PASS" start="2024-04-15T12:08:30.438678" elapsed="0.941065" />
</kw>
<kw name="Validate output">
<kw name="Get Text" owner="AppiumLibrary">
<msg time="2024-04-15T12:08:32.485885" level="INFO">Element 'id=ResultBrowserStackLocal' text is 'Up and running' </msg>
<msg time="2024-04-15T12:08:32.486206" level="INFO">criteria is ResultBrowserStackLocal</msg>
<msg time="2024-04-15T12:08:32.486947" level="INFO">${output} = Up and running</msg>
<var>${output}</var>
<arg>id=ResultBrowserStackLocal</arg>
<doc>Get element text (for hybrid and mobile browser use `xpath` locator, others might cause problem)</doc>
<status status="PASS" start="2024-04-15T12:08:31.382458" elapsed="1.104619" />
</kw>
<kw name="Run Keyword And Return If" owner="BuiltIn">
<kw name="TEST STATUS" owner="mark_test_status">
<arg>passed</arg>
<arg>Test passed!</arg>
<status status="PASS" start="2024-04-15T12:08:32.488457" elapsed="0.445588" />
</kw>
<msg time="2024-04-15T12:08:32.934291" level="INFO">Returning from the enclosing user keyword.</msg>
<arg>"${output}"=="Up and running"</arg>
<arg>TEST STATUS</arg>
<arg>passed</arg>
<arg>Test passed!</arg>
<doc>Runs the specified keyword and returns from the enclosing user keyword.</doc>
<status status="PASS" start="2024-04-15T12:08:32.487537" elapsed="0.447050" />
</kw>
<kw name="Run Keyword And Return" owner="BuiltIn">
<arg>TEST STATUS</arg>
<arg>failed</arg>
<arg>Test failed!</arg>
<doc>Runs the specified keyword and returns from the enclosing user keyword.</doc>
<status status="NOT RUN" start="2024-04-15T12:08:32.935287" elapsed="0.000401" />
</kw>
<status status="PASS" start="2024-04-15T12:08:31.380408" elapsed="1.555978" />
</kw>
<kw name="Close app" owner="KeywordsFile" type="TEARDOWN">
<kw name="Close Application" owner="AppiumLibrary">
<doc>Closes the current application and also close webdriver session.</doc>
<status status="PASS" start="2024-04-15T12:08:32.939056" elapsed="1.045644" />
</kw>
<status status="PASS" start="2024-04-15T12:08:32.937760" elapsed="1.047822" />
</kw>
<status status="PASS" start="2024-04-15T12:08:11.807349" elapsed="22.178556" />
</test>
<status status="PASS" start="2024-04-15T12:08:11.543670" elapsed="22.444855" />
</suite>
<status status="PASS" start="2024-04-15T12:08:11.543670" elapsed="22.444855" />
</suite><errors>
</errors>
</robot>