<?xml version="1.0" encoding="UTF-8"?>
<robot generator="Rebot 7.0 (Python 3.9.6 on darwin)" generated="2024-04-15T12:10:20.926782" rpa="false" schemaversion="5">
<suite id="s1" name="Suites">
<suite id="s1-s1" name="LocalTestiOS 16, iPhone 14 Pro" source="/Users/avinash/Browserstack/sample_repos/robot-appium-app-browserstack/Tests/ios/LocalTestiOS.robot">
<test id="s1-s1-t1" name="Test Networking app" line="12">
<kw name="Open app" type="SETUP">
<kw name="Open Application" owner="AppiumLibrary">
<msg time="2024-04-15T12:08:11.834299" level="INFO">Completed setup!</msg>
<arg>${REMOTE_URL}</arg>
<arg>app=${APP_ID}</arg>
<arg>platformName=ios</arg>
<arg>platformVersion=17</arg>
<arg>deviceName=iPhone 13</arg>
<arg>browserstack.local=true</arg>
<arg>autoGrantPermissions=true</arg>
<doc>Opens a new application to given Appium server.
Capabilities of appium server, Android and iOS,
Please check https://github.com/appium/appium/blob/master/docs/en/writing-running-appium/server-args.md
| *Option*            | *Man.* | *Description*     |
| remote_url          | Yes    | Appium server url |
| alias               | no     | alias             |
| strict_ssl          | No     | allows you to send commands to an invalid certificate host like a self-signed one. |</doc>
<status status="PASS" start="2024-04-15T12:08:11.813847" elapsed="18.404884"/>
</kw>
<kw name="IMPLICIT WAIT" owner="implicit_wait">
<arg>5</arg>
<status status="PASS" start="2024-04-15T12:08:30.219917" elapsed="0.217420"/>
</kw>
<status status="PASS" start="2024-04-15T12:08:11.809229" elapsed="18.628707"/>
</kw>
<kw name="Test connection">
<kw name="Click Element" owner="AppiumLibrary">
<msg time="2024-04-15T12:08:30.445326" level="INFO">Clicking element 'id=TestBrowserStackLocal'.</msg>
<msg time="2024-04-15T12:08:31.379174" level="INFO">criteria is TestBrowserStackLocal</msg>
<arg>id=TestBrowserStackLocal</arg>
<doc>Click element identified by `locator`.</doc>
<status status="PASS" start="2024-04-15T12:08:30.439965" elapsed="0.939416"/>
</kw>
<status status="PASS" start="2024-04-15T12:08:30.438678" elapsed="0.941065"/>
</kw>
<kw name="Validate output">
<kw name="Get Text" owner="AppiumLibrary">
<msg time="2024-04-15T12:08:32.485885" level="INFO">Element 'id=ResultBrowserStackLocal' text is 'Up and running' </msg>
<msg time="2024-04-15T12:08:32.486206" level="INFO">criteria is ResultBrowserStackLocal</msg>
<msg time="2024-04-15T12:08:32.486947" level="INFO">${output} = Up and running</msg>
<var>${output}</var>
<arg>id=ResultBrowserStackLocal</arg>
<doc>Get element text (for hybrid and mobile browser use `xpath` locator, others might cause problem)</doc>
<status status="PASS" start="2024-04-15T12:08:31.382458" elapsed="1.104619"/>
</kw>
<kw name="Run Keyword And Return If" owner="BuiltIn">
<kw name="TEST STATUS" owner="mark_test_status">
<arg>passed</arg>
<arg>Test passed!</arg>
<status status="PASS" start="2024-04-15T12:08:32.488457" elapsed="0.445588"/>
</kw>
<msg time="2024-04-15T12:08:32.934291" level="INFO">Returning from the enclosing user keyword.</msg>
<arg>"${output}"=="Up and running"</arg>
<arg>TEST STATUS</arg>
<arg>passed</arg>
<arg>Test passed!</arg>
<doc>Runs the specified keyword and returns from the enclosing user keyword.</doc>
<status status="PASS" start="2024-04-15T12:08:32.487537" elapsed="0.447050"/>
</kw>
<kw name="Run Keyword And Return" owner="BuiltIn">
<arg>TEST STATUS</arg>
<arg>failed</arg>
<arg>Test failed!</arg>
<doc>Runs the specified keyword and returns from the enclosing user keyword.</doc>
<status status="NOT RUN" start="2024-04-15T12:08:32.935287" elapsed="0.000401"/>
</kw>
<status status="PASS" start="2024-04-15T12:08:31.380408" elapsed="1.555978"/>
</kw>
<kw name="Close app" owner="KeywordsFile" type="TEARDOWN">
<kw name="Close Application" owner="AppiumLibrary">
<doc>Closes the current application and also close webdriver session.</doc>
<status status="PASS" start="2024-04-15T12:08:32.939056" elapsed="1.045644"/>
</kw>
<status status="PASS" start="2024-04-15T12:08:32.937760" elapsed="1.047822"/>
</kw>
<status status="PASS" start="2024-04-15T12:08:11.807349" elapsed="22.178556"/>
</test>
<status status="PASS" start="2024-04-15T12:08:11.543000" elapsed="22.444855"/>
</suite>
<suite id="s1-s2" name="LocalTestiOS 15, iPhone 13 Pro" source="/Users/avinash/Browserstack/sample_repos/robot-appium-app-browserstack/Tests/ios/LocalTestiOS.robot">
<test id="s1-s2-t1" name="Test Networking app" line="12">
<kw name="Open app" type="SETUP">
<kw name="Open Application" owner="AppiumLibrary">
<msg time="2024-04-15T12:08:11.786931" level="INFO">Completed setup!</msg>
<arg>${REMOTE_URL}</arg>
<arg>app=${APP_ID}</arg>
<arg>platformName=ios</arg>
<arg>platformVersion=17</arg>
<arg>deviceName=iPhone 13</arg>
<arg>browserstack.local=true</arg>
<arg>autoGrantPermissions=true</arg>
<doc>Opens a new application to given Appium server.
Capabilities of appium server, Android and iOS,
Please check https://github.com/appium/appium/blob/master/docs/en/writing-running-appium/server-args.md
| *Option*            | *Man.* | *Description*     |
| remote_url          | Yes    | Appium server url |
| alias               | no     | alias             |
| strict_ssl          | No     | allows you to send commands to an invalid certificate host like a self-signed one. |</doc>
<status status="PASS" start="2024-04-15T12:08:11.760397" elapsed="122.656804"/>
</kw>
<kw name="IMPLICIT WAIT" owner="implicit_wait">
<arg>5</arg>
<status status="PASS" start="2024-04-15T12:10:14.420499" elapsed="0.264528"/>
</kw>
<status status="PASS" start="2024-04-15T12:08:11.757642" elapsed="122.927998"/>
</kw>
<kw name="Test connection">
<kw name="Click Element" owner="AppiumLibrary">
<msg time="2024-04-15T12:10:14.694674" level="INFO">Clicking element 'id=TestBrowserStackLocal'.</msg>
<msg time="2024-04-15T12:10:15.437898" level="INFO">criteria is TestBrowserStackLocal</msg>
<arg>id=TestBrowserStackLocal</arg>
<doc>Click element identified by `locator`.</doc>
<status status="PASS" start="2024-04-15T12:10:14.687607" elapsed="0.751008"/>
</kw>
<status status="PASS" start="2024-04-15T12:10:14.686512" elapsed="0.752683"/>
</kw>
<kw name="Validate output">
<kw name="Get Text" owner="AppiumLibrary">
<msg time="2024-04-15T12:10:16.801650" level="INFO">Element 'id=ResultBrowserStackLocal' text is 'Up and running' </msg>
<msg time="2024-04-15T12:10:16.802004" level="INFO">criteria is ResultBrowserStackLocal</msg>
<msg time="2024-04-15T12:10:16.802633" level="INFO">${output} = Up and running</msg>
<var>${output}</var>
<arg>id=ResultBrowserStackLocal</arg>
<doc>Get element text (for hybrid and mobile browser use `xpath` locator, others might cause problem)</doc>
<status status="PASS" start="2024-04-15T12:10:15.441601" elapsed="1.361218"/>
</kw>
<kw name="Run Keyword And Return If" owner="BuiltIn">
<kw name="TEST STATUS" owner="mark_test_status">
<arg>passed</arg>
<arg>Test passed!</arg>
<status status="PASS" start="2024-04-15T12:10:16.805318" elapsed="0.450651"/>
</kw>
<msg time="2024-04-15T12:10:17.256247" level="INFO">Returning from the enclosing user keyword.</msg>
<arg>"${output}"=="Up and running"</arg>
<arg>TEST STATUS</arg>
<arg>passed</arg>
<arg>Test passed!</arg>
<doc>Runs the specified keyword and returns from the enclosing user keyword.</doc>
<status status="PASS" start="2024-04-15T12:10:16.803573" elapsed="0.452888"/>
</kw>
<kw name="Run Keyword And Return" owner="BuiltIn">
<arg>TEST STATUS</arg>
<arg>failed</arg>
<arg>Test failed!</arg>
<doc>Runs the specified keyword and returns from the enclosing user keyword.</doc>
<status status="NOT RUN" start="2024-04-15T12:10:17.256921" elapsed="0.000227"/>
</kw>
<status status="PASS" start="2024-04-15T12:10:15.440049" elapsed="1.817381"/>
</kw>
<kw name="Close app" owner="KeywordsFile" type="TEARDOWN">
<kw name="Close Application" owner="AppiumLibrary">
<doc>Closes the current application and also close webdriver session.</doc>
<status status="PASS" start="2024-04-15T12:10:17.261152" elapsed="1.165531"/>
</kw>
<status status="PASS" start="2024-04-15T12:10:17.259375" elapsed="1.168099"/>
</kw>
<status status="PASS" start="2024-04-15T12:08:11.752899" elapsed="126.675094"/>
</test>
<status status="PASS" start="2024-04-15T12:08:11.487582" elapsed="126.946116"/>
</suite>
<suite id="s1-s3" name="LocalTestiOS 14, iPhone XS" source="/Users/avinash/Browserstack/sample_repos/robot-appium-app-browserstack/Tests/ios/LocalTestiOS.robot">
<test id="s1-s3-t1" name="Test Networking app" line="12">
<kw name="Open app" type="SETUP">
<kw name="Open Application" owner="AppiumLibrary">
<msg time="2024-04-15T12:08:11.799038" level="INFO">Completed setup!</msg>
<arg>${REMOTE_URL}</arg>
<arg>app=${APP_ID}</arg>
<arg>platformName=ios</arg>
<arg>platformVersion=17</arg>
<arg>deviceName=iPhone 13</arg>
<arg>browserstack.local=true</arg>
<arg>autoGrantPermissions=true</arg>
<doc>Opens a new application to given Appium server.
Capabilities of appium server, Android and iOS,
Please check https://github.com/appium/appium/blob/master/docs/en/writing-running-appium/server-args.md
| *Option*            | *Man.* | *Description*     |
| remote_url          | Yes    | Appium server url |
| alias               | no     | alias             |
| strict_ssl          | No     | allows you to send commands to an invalid certificate host like a self-signed one. |</doc>
<status status="PASS" start="2024-04-15T12:08:11.776066" elapsed="22.051896"/>
</kw>
<kw name="IMPLICIT WAIT" owner="implicit_wait">
<arg>5</arg>
<status status="PASS" start="2024-04-15T12:08:33.829481" elapsed="0.209069"/>
</kw>
<status status="PASS" start="2024-04-15T12:08:11.772339" elapsed="22.266642"/>
</kw>
<kw name="Test connection">
<kw name="Click Element" owner="AppiumLibrary">
<msg time="2024-04-15T12:08:34.049783" level="INFO">Clicking element 'id=TestBrowserStackLocal'.</msg>
<msg time="2024-04-15T12:08:34.803935" level="INFO">criteria is TestBrowserStackLocal</msg>
<arg>id=TestBrowserStackLocal</arg>
<doc>Click element identified by `locator`.</doc>
<status status="PASS" start="2024-04-15T12:08:34.041180" elapsed="0.762974"/>
</kw>
<status status="PASS" start="2024-04-15T12:08:34.039695" elapsed="0.764897"/>
</kw>
<kw name="Validate output">
<kw name="Get Text" owner="AppiumLibrary">
<msg time="2024-04-15T12:08:35.920448" level="INFO">Element 'id=ResultBrowserStackLocal' text is 'Up and running' </msg>
<msg time="2024-04-15T12:08:35.920735" level="INFO">criteria is ResultBrowserStackLocal</msg>
<msg time="2024-04-15T12:08:35.920999" level="INFO">${output} = Up and running</msg>
<var>${output}</var>
<arg>id=ResultBrowserStackLocal</arg>
<doc>Get element text (for hybrid and mobile browser use `xpath` locator, others might cause problem)</doc>
<status status="PASS" start="2024-04-15T12:08:34.806421" elapsed="1.114681"/>
</kw>
<kw name="Run Keyword And Return If" owner="BuiltIn">
<kw name="TEST STATUS" owner="mark_test_status">
<arg>passed</arg>
<arg>Test passed!</arg>
<status status="PASS" start="2024-04-15T12:08:35.922597" elapsed="0.448017"/>
</kw>
<msg time="2024-04-15T12:08:36.371107" level="INFO">Returning from the enclosing user keyword.</msg>
<arg>"${output}"=="Up and running"</arg>
<arg>TEST STATUS</arg>
<arg>passed</arg>
<arg>Test passed!</arg>
<doc>Runs the specified keyword and returns from the enclosing user keyword.</doc>
<status status="PASS" start="2024-04-15T12:08:35.921590" elapsed="0.449894"/>
</kw>
<kw name="Run Keyword And Return" owner="BuiltIn">
<arg>TEST STATUS</arg>
<arg>failed</arg>
<arg>Test failed!</arg>
<doc>Runs the specified keyword and returns from the enclosing user keyword.</doc>
<status status="NOT RUN" start="2024-04-15T12:08:36.372561" elapsed="0.000379"/>
</kw>
<status status="PASS" start="2024-04-15T12:08:34.805178" elapsed="1.568240"/>
</kw>
<kw name="Close app" owner="KeywordsFile" type="TEARDOWN">
<kw name="Close Application" owner="AppiumLibrary">
<doc>Closes the current application and also close webdriver session.</doc>
<status status="PASS" start="2024-04-15T12:08:36.376638" elapsed="0.946065"/>
</kw>
<status status="PASS" start="2024-04-15T12:08:36.374557" elapsed="0.948658"/>
</kw>
<status status="PASS" start="2024-04-15T12:08:11.768237" elapsed="25.555244"/>
</test>
<status status="PASS" start="2024-04-15T12:08:11.506901" elapsed="25.820011"/>
</suite>
<doc>[https://pabot.org/?ref=log|Pabot] result from 3 executions.</doc>
<status status="PASS" start="2024-04-15T12:08:11.487000" elapsed="22.444855"/>
</suite>
<statistics>
<total>
<stat pass="3" fail="0" skip="0">All Tests</stat>
</total>
<tag>
</tag>
<suite>
<stat pass="3" fail="0" skip="0" id="s1" name="Suites">Suites</stat>
<stat pass="1" fail="0" skip="0" id="s1-s1" name="LocalTestiOS 16, iPhone 14 Pro">Suites.LocalTestiOS 16, iPhone 14 Pro</stat>
<stat pass="1" fail="0" skip="0" id="s1-s2" name="LocalTestiOS 15, iPhone 13 Pro">Suites.LocalTestiOS 15, iPhone 13 Pro</stat>
<stat pass="1" fail="0" skip="0" id="s1-s3" name="LocalTestiOS 14, iPhone XS">Suites.LocalTestiOS 14, iPhone XS</stat>
</suite>
</statistics>
<errors>
</errors>
</robot>
