<robot generator="Robot 7.0 (Python 3.9.6 on darwin)" generated="2024-04-15T11:59:14.669519" rpa="false" schemaversion="5">
<statistics>
<total>
<stat pass="1" fail="0" skip="0">All Tests</stat>
</total>
<tag>
</tag>
<suite>
<stat pass="1" fail="0" skip="0" id="s1" name="LocalTestAndroid">LocalTestAndroid</stat>
</suite>
</statistics>
<suite name="Suites" id="s0"><suite id="s1" name="LocalTestAndroid 12.0, Google Pixel 6 Pro" source="/Users/avinash/Browserstack/sample_repos/robot-appium-app-browserstack/Tests/android/LocalTestAndroid.robot">
<test id="s1-t1" name="Test Networking app" line="12">
<kw name="Open app" type="SETUP">
<kw name="Open Application" owner="AppiumLibrary">
<msg time="2024-04-15T11:59:15.409100" level="INFO">Completed setup!</msg>
<arg>${REMOTE_URL}</arg>
<arg>app=${APP_ID}</arg>
<arg>platformName=android</arg>
<arg>platformVersion=9.0</arg>
<arg>deviceName=Google Pixel 3</arg>
<arg>browserstack.local=true</arg>
<arg>autoGrantPermissions=true</arg>
<doc>Opens a new application to given Appium server.
Capabilities of appium server, Android and iOS,
Please check https://github.com/appium/appium/blob/master/docs/en/writing-running-appium/server-args.md
| *Option*            | *Man.* | *Description*     |
| remote_url          | Yes    | Appium server url |
| alias               | no     | alias             |
| strict_ssl          | No     | allows you to send commands to an invalid certificate host like a self-signed one. |</doc>
<status status="PASS" start="2024-04-15T11:59:15.343018" elapsed="23.886158" />
</kw>
<kw name="IMPLICIT WAIT" owner="implicit_wait">
<arg>5</arg>
<status status="PASS" start="2024-04-15T11:59:39.230180" elapsed="0.222798" />
</kw>
<status status="PASS" start="2024-04-15T11:59:15.331736" elapsed="24.121536" />
</kw>
<kw name="Test connection">
<kw name="Click Element" owner="AppiumLibrary">
<msg time="2024-04-15T11:59:39.463077" level="INFO">Clicking element 'id=com.example.android.basicnetworking:id/test_action'.</msg>
<msg time="2024-04-15T11:59:40.580893" level="INFO">criteria is com.example.android.basicnetworking:id/test_action</msg>
<arg>id=com.example.android.basicnetworking:id/test_action</arg>
<doc>Click element identified by `locator`.</doc>
<status status="PASS" start="2024-04-15T11:59:39.454599" elapsed="1.126732" />
</kw>
<status status="PASS" start="2024-04-15T11:59:39.453737" elapsed="1.128327" />
</kw>
<kw name="Validate output">
<kw name="Sleep" owner="BuiltIn">
<msg time="2024-04-15T11:59:45.588053" level="INFO">Slept 5 seconds.</msg>
<arg>5s</arg>
<doc>Pauses the test executed for the given time.</doc>
<status status="PASS" start="2024-04-15T11:59:40.585975" elapsed="5.002296" />
</kw>
<kw name="Get Webelements" owner="AppiumLibrary">
<msg time="2024-04-15T11:59:45.871368" level="INFO">${search_results} = [&lt;appium.webdriver.webelement.WebElement (session="e04ec2990a10a4abc8f967e474aa22b5243da614", element="2ed147c3-622a-4f72-8a32-91477886e983")&gt;, &lt;appium.webdriver.webelement.WebElement (session="e04ec2...</msg>
<var>${search_results}</var>
<arg>class=android.widget.TextView</arg>
<doc>Returns list of [http://selenium-python.readthedocs.io/api.html#module-selenium.webdriver.remote.webelement|WebElement] objects matching ``locator``.</doc>
<status status="PASS" start="2024-04-15T11:59:45.588994" elapsed="0.282553" />
</kw>
<for flavor="IN">
<iter>
<kw name="Get Text" owner="AppiumLibrary">
<msg time="2024-04-15T11:59:46.131034" level="INFO">Element '&lt;appium.webdriver.webelement.WebElement (session="e04ec2990a10a4abc8f967e474aa22b5243da614", element="2ed147c3-622a-4f72-8a32-91477886e983")&gt;' text is 'BasicNetworking' </msg>
<msg time="2024-04-15T11:59:46.132901" level="INFO">${result_text} = BasicNetworking</msg>
<var>${result_text}</var>
<arg>${result}</arg>
<doc>Get element text (for hybrid and mobile browser use `xpath` locator, others might cause problem)</doc>
<status status="PASS" start="2024-04-15T11:59:45.874612" elapsed="0.258504" />
</kw>
<kw name="Replace String" owner="String">
<msg time="2024-04-15T11:59:46.135844" level="INFO">${modified_result_text} = BasicNetworking</msg>
<var>${modified_result_text}</var>
<arg>${result_text}</arg>
<arg>\n</arg>
<arg>${EMPTY}</arg>
<doc>Replaces ``search_for`` in the given ``string`` with ``replace_with``.</doc>
<status status="PASS" start="2024-04-15T11:59:46.133740" elapsed="0.002535" />
</kw>
<kw name="Run Keyword If" owner="BuiltIn">
<kw name="Set Variable" owner="BuiltIn">
<arg>False</arg>
<doc>Returns the given values which can then be assigned to a variables.</doc>
<status status="PASS" start="2024-04-15T11:59:46.143074" elapsed="0.000881" />
</kw>
<msg time="2024-04-15T11:59:46.144769" level="INFO">${match} = False</msg>
<var>${match}</var>
<arg>'The active connection is wifi' in '${modified_result_text}'</arg>
<arg>Set Variable</arg>
<arg>True</arg>
<arg>ELSE</arg>
<arg>Set Variable</arg>
<arg>False</arg>
<doc>Runs the given keyword with the given arguments, if ``condition`` is true.</doc>
<status status="PASS" start="2024-04-15T11:59:46.138619" elapsed="0.006365" />
</kw>
<kw name="Log" owner="BuiltIn">
<msg time="2024-04-15T11:59:46.147261" level="INFO">False</msg>
<arg>${match}</arg>
<doc>Logs the given message with the given level.</doc>
<status status="PASS" start="2024-04-15T11:59:46.145917" elapsed="0.001794" />
</kw>
<var name="${result}">&lt;appium.webdriver.webelement.WebElement (session="e04ec2990a10a4abc8f967e474aa22b5243da614", element="2ed147c3-622a-4f72-8a32-91477886e983")&gt;</var>
<status status="PASS" start="2024-04-15T11:59:45.873570" elapsed="0.274577" />
</iter>
<iter>
<kw name="Get Text" owner="AppiumLibrary">
<msg time="2024-04-15T11:59:46.415267" level="INFO">Element '&lt;appium.webdriver.webelement.WebElement (session="e04ec2990a10a4abc8f967e474aa22b5243da614", element="dccc95c1-4604-4066-85c3-082617be6419")&gt;' text is 'The active connection is wifi 
 Up and running' </msg>
<msg time="2024-04-15T11:59:46.415705" level="INFO">${result_text} = The active connection is wifi 
 Up and running</msg>
<var>${result_text}</var>
<arg>${result}</arg>
<doc>Get element text (for hybrid and mobile browser use `xpath` locator, others might cause problem)</doc>
<status status="PASS" start="2024-04-15T11:59:46.149656" elapsed="0.266156" />
</kw>
<kw name="Replace String" owner="String">
<msg time="2024-04-15T11:59:46.418801" level="INFO">${modified_result_text} = The active connection is wifi  Up and running</msg>
<var>${modified_result_text}</var>
<arg>${result_text}</arg>
<arg>\n</arg>
<arg>${EMPTY}</arg>
<doc>Replaces ``search_for`` in the given ``string`` with ``replace_with``.</doc>
<status status="PASS" start="2024-04-15T11:59:46.416288" elapsed="0.002614" />
</kw>
<kw name="Run Keyword If" owner="BuiltIn">
<kw name="Set Variable" owner="BuiltIn">
<arg>True</arg>
<doc>Returns the given values which can then be assigned to a variables.</doc>
<status status="PASS" start="2024-04-15T11:59:46.420052" elapsed="0.000281" />
</kw>
<msg time="2024-04-15T11:59:46.420533" level="INFO">${match} = True</msg>
<var>${match}</var>
<arg>'The active connection is wifi' in '${modified_result_text}'</arg>
<arg>Set Variable</arg>
<arg>True</arg>
<arg>ELSE</arg>
<arg>Set Variable</arg>
<arg>False</arg>
<doc>Runs the given keyword with the given arguments, if ``condition`` is true.</doc>
<status status="PASS" start="2024-04-15T11:59:46.419375" elapsed="0.001216" />
</kw>
<kw name="Log" owner="BuiltIn">
<msg time="2024-04-15T11:59:46.421462" level="INFO">True</msg>
<arg>${match}</arg>
<doc>Logs the given message with the given level.</doc>
<status status="PASS" start="2024-04-15T11:59:46.420960" elapsed="0.000718" />
</kw>
<var name="${result}">&lt;appium.webdriver.webelement.WebElement (session="e04ec2990a10a4abc8f967e474aa22b5243da614", element="dccc95c1-4604-4066-85c3-082617be6419")&gt;</var>
<status status="PASS" start="2024-04-15T11:59:46.149009" elapsed="0.272915" />
</iter>
<var>${result}</var>
<value>@{search_results}</value>
<status status="PASS" start="2024-04-15T11:59:45.872009" elapsed="0.550139" />
</for>
<kw name="Should Be True" owner="BuiltIn">
<arg>${match}</arg>
<doc>Fails if the given condition is not true.</doc>
<status status="PASS" start="2024-04-15T11:59:46.422861" elapsed="0.001237" />
</kw>
<kw name="Run Keyword If" owner="BuiltIn">
<kw name="TEST STATUS" owner="mark_test_status">
<arg>passed</arg>
<arg>Test results have been validated!</arg>
<status status="PASS" start="2024-04-15T11:59:46.426867" elapsed="0.454113" />
</kw>
<arg>${match} is True</arg>
<arg>TEST STATUS</arg>
<arg>passed</arg>
<arg>Test results have been validated!</arg>
<doc>Runs the given keyword with the given arguments, if ``condition`` is true.</doc>
<status status="PASS" start="2024-04-15T11:59:46.424901" elapsed="0.456492" />
</kw>
<kw name="Run Keyword If" owner="BuiltIn">
<arg>${match} is False</arg>
<arg>TEST STATUS</arg>
<arg>failed</arg>
<arg>Something went wrong!</arg>
<doc>Runs the given keyword with the given arguments, if ``condition`` is true.</doc>
<status status="PASS" start="2024-04-15T11:59:46.881923" elapsed="0.001490" />
</kw>
<status status="PASS" start="2024-04-15T11:59:40.583822" elapsed="6.299962" />
</kw>
<kw name="Close app" owner="KeywordsFile" type="TEARDOWN">
<kw name="Close Application" owner="AppiumLibrary">
<doc>Closes the current application and also close webdriver session.</doc>
<status status="PASS" start="2024-04-15T11:59:46.886288" elapsed="0.982217" />
</kw>
<status status="PASS" start="2024-04-15T11:59:46.884822" elapsed="0.984159" />
</kw>
<status status="PASS" start="2024-04-15T11:59:15.326743" elapsed="32.542493" />
</test>
<status status="PASS" start="2024-04-15T11:59:14.698250" elapsed="33.174795" />
</suite>
<status status="PASS" start="2024-04-15T11:59:14.698250" elapsed="33.174795" />
</suite><errors>
</errors>
</robot>