<robot generator="Robot 7.0 (Python 3.9.6 on darwin)" generated="2024-04-15T11:59:14.638501" rpa="false" schemaversion="5">
<statistics>
<total>
<stat pass="1" fail="0" skip="0">All Tests</stat>
</total>
<tag>
</tag>
<suite>
<stat pass="1" fail="0" skip="0" id="s1" name="LocalTestAndroid">LocalTestAndroid</stat>
</suite>
</statistics>
<suite name="Suites" id="s0"><suite id="s1" name="LocalTestAndroid 12.0, Samsung Galaxy S22 Ultra" source="/Users/avinash/Browserstack/sample_repos/robot-appium-app-browserstack/Tests/android/LocalTestAndroid.robot">
<test id="s1-t1" name="Test Networking app" line="12">
<kw name="Open app" type="SETUP">
<kw name="Open Application" owner="AppiumLibrary">
<msg time="2024-04-15T11:59:15.354457" level="INFO">Completed setup!</msg>
<arg>${REMOTE_URL}</arg>
<arg>app=${APP_ID}</arg>
<arg>platformName=android</arg>
<arg>platformVersion=9.0</arg>
<arg>deviceName=Google Pixel 3</arg>
<arg>browserstack.local=true</arg>
<arg>autoGrantPermissions=true</arg>
<doc>Opens a new application to given Appium server.
Capabilities of appium server, Android and iOS,
Please check https://github.com/appium/appium/blob/master/docs/en/writing-running-appium/server-args.md
| *Option*            | *Man.* | *Description*     |
| remote_url          | Yes    | Appium server url |
| alias               | no     | alias             |
| strict_ssl          | No     | allows you to send commands to an invalid certificate host like a self-signed one. |</doc>
<status status="PASS" start="2024-04-15T11:59:15.302852" elapsed="22.105845" />
</kw>
<kw name="IMPLICIT WAIT" owner="implicit_wait">
<arg>5</arg>
<status status="PASS" start="2024-04-15T11:59:37.410573" elapsed="0.302717" />
</kw>
<status status="PASS" start="2024-04-15T11:59:15.296642" elapsed="22.417465" />
</kw>
<kw name="Test connection">
<kw name="Click Element" owner="AppiumLibrary">
<msg time="2024-04-15T11:59:37.727142" level="INFO">Clicking element 'id=com.example.android.basicnetworking:id/test_action'.</msg>
<msg time="2024-04-15T11:59:38.752372" level="INFO">criteria is com.example.android.basicnetworking:id/test_action</msg>
<arg>id=com.example.android.basicnetworking:id/test_action</arg>
<doc>Click element identified by `locator`.</doc>
<status status="PASS" start="2024-04-15T11:59:37.718292" elapsed="1.034519" />
</kw>
<status status="PASS" start="2024-04-15T11:59:37.715355" elapsed="1.037992" />
</kw>
<kw name="Validate output">
<kw name="Sleep" owner="BuiltIn">
<msg time="2024-04-15T11:59:43.758962" level="INFO">Slept 5 seconds.</msg>
<arg>5s</arg>
<doc>Pauses the test executed for the given time.</doc>
<status status="PASS" start="2024-04-15T11:59:38.755999" elapsed="5.003620" />
</kw>
<kw name="Get Webelements" owner="AppiumLibrary">
<msg time="2024-04-15T11:59:44.103698" level="INFO">${search_results} = [&lt;appium.webdriver.webelement.WebElement (session="f4a6ede186dc7f64be50f9b3700c5b5002e0b919", element="8b54dc46-71ab-4bda-9264-f9d751b5d2ba")&gt;, &lt;appium.webdriver.webelement.WebElement (session="f4a6ed...</msg>
<var>${search_results}</var>
<arg>class=android.widget.TextView</arg>
<doc>Returns list of [http://selenium-python.readthedocs.io/api.html#module-selenium.webdriver.remote.webelement|WebElement] objects matching ``locator``.</doc>
<status status="PASS" start="2024-04-15T11:59:43.760950" elapsed="0.343342" />
</kw>
<for flavor="IN">
<iter>
<kw name="Get Text" owner="AppiumLibrary">
<msg time="2024-04-15T11:59:44.390402" level="INFO">Element '&lt;appium.webdriver.webelement.WebElement (session="f4a6ede186dc7f64be50f9b3700c5b5002e0b919", element="8b54dc46-71ab-4bda-9264-f9d751b5d2ba")&gt;' text is 'BasicNetworking' </msg>
<msg time="2024-04-15T11:59:44.391188" level="INFO">${result_text} = BasicNetworking</msg>
<var>${result_text}</var>
<arg>${result}</arg>
<doc>Get element text (for hybrid and mobile browser use `xpath` locator, others might cause problem)</doc>
<status status="PASS" start="2024-04-15T11:59:44.109520" elapsed="0.281962" />
</kw>
<kw name="Replace String" owner="String">
<msg time="2024-04-15T11:59:44.395128" level="INFO">${modified_result_text} = BasicNetworking</msg>
<var>${modified_result_text}</var>
<arg>${result_text}</arg>
<arg>\n</arg>
<arg>${EMPTY}</arg>
<doc>Replaces ``search_for`` in the given ``string`` with ``replace_with``.</doc>
<status status="PASS" start="2024-04-15T11:59:44.392396" elapsed="0.002847" />
</kw>
<kw name="Run Keyword If" owner="BuiltIn">
<kw name="Set Variable" owner="BuiltIn">
<arg>False</arg>
<doc>Returns the given values which can then be assigned to a variables.</doc>
<status status="PASS" start="2024-04-15T11:59:44.398491" elapsed="0.003524" />
</kw>
<msg time="2024-04-15T11:59:44.402609" level="INFO">${match} = False</msg>
<var>${match}</var>
<arg>'The active connection is wifi' in '${modified_result_text}'</arg>
<arg>Set Variable</arg>
<arg>True</arg>
<arg>ELSE</arg>
<arg>Set Variable</arg>
<arg>False</arg>
<doc>Runs the given keyword with the given arguments, if ``condition`` is true.</doc>
<status status="PASS" start="2024-04-15T11:59:44.396355" elapsed="0.006343" />
</kw>
<kw name="Log" owner="BuiltIn">
<msg time="2024-04-15T11:59:44.404305" level="INFO">False</msg>
<arg>${match}</arg>
<doc>Logs the given message with the given level.</doc>
<status status="PASS" start="2024-04-15T11:59:44.403297" elapsed="0.001377" />
</kw>
<var name="${result}">&lt;appium.webdriver.webelement.WebElement (session="f4a6ede186dc7f64be50f9b3700c5b5002e0b919", element="8b54dc46-71ab-4bda-9264-f9d751b5d2ba")&gt;</var>
<status status="PASS" start="2024-04-15T11:59:44.107574" elapsed="0.297383" />
</iter>
<iter>
<kw name="Get Text" owner="AppiumLibrary">
<msg time="2024-04-15T11:59:44.702969" level="INFO">Element '&lt;appium.webdriver.webelement.WebElement (session="f4a6ede186dc7f64be50f9b3700c5b5002e0b919", element="d10e369f-31dc-46ef-b792-cf5d3780a923")&gt;' text is 'The active connection is wifi 
 Up and running' </msg>
<msg time="2024-04-15T11:59:44.703645" level="INFO">${result_text} = The active connection is wifi 
 Up and running</msg>
<var>${result_text}</var>
<arg>${result}</arg>
<doc>Get element text (for hybrid and mobile browser use `xpath` locator, others might cause problem)</doc>
<status status="PASS" start="2024-04-15T11:59:44.406069" elapsed="0.297713" />
</kw>
<kw name="Replace String" owner="String">
<msg time="2024-04-15T11:59:44.708394" level="INFO">${modified_result_text} = The active connection is wifi  Up and running</msg>
<var>${modified_result_text}</var>
<arg>${result_text}</arg>
<arg>\n</arg>
<arg>${EMPTY}</arg>
<doc>Replaces ``search_for`` in the given ``string`` with ``replace_with``.</doc>
<status status="PASS" start="2024-04-15T11:59:44.704485" elapsed="0.004117" />
</kw>
<kw name="Run Keyword If" owner="BuiltIn">
<kw name="Set Variable" owner="BuiltIn">
<arg>True</arg>
<doc>Returns the given values which can then be assigned to a variables.</doc>
<status status="PASS" start="2024-04-15T11:59:44.712791" elapsed="0.001048" />
</kw>
<msg time="2024-04-15T11:59:44.714365" level="INFO">${match} = True</msg>
<var>${match}</var>
<arg>'The active connection is wifi' in '${modified_result_text}'</arg>
<arg>Set Variable</arg>
<arg>True</arg>
<arg>ELSE</arg>
<arg>Set Variable</arg>
<arg>False</arg>
<doc>Runs the given keyword with the given arguments, if ``condition`` is true.</doc>
<status status="PASS" start="2024-04-15T11:59:44.709888" elapsed="0.004691" />
</kw>
<kw name="Log" owner="BuiltIn">
<msg time="2024-04-15T11:59:44.716376" level="INFO">True</msg>
<arg>${match}</arg>
<doc>Logs the given message with the given level.</doc>
<status status="PASS" start="2024-04-15T11:59:44.715456" elapsed="0.001633" />
</kw>
<var name="${result}">&lt;appium.webdriver.webelement.WebElement (session="f4a6ede186dc7f64be50f9b3700c5b5002e0b919", element="d10e369f-31dc-46ef-b792-cf5d3780a923")&gt;</var>
<status status="PASS" start="2024-04-15T11:59:44.405394" elapsed="0.312324" />
</iter>
<var>${result}</var>
<value>@{search_results}</value>
<status status="PASS" start="2024-04-15T11:59:44.105112" elapsed="0.612973" />
</for>
<kw name="Should Be True" owner="BuiltIn">
<arg>${match}</arg>
<doc>Fails if the given condition is not true.</doc>
<status status="PASS" start="2024-04-15T11:59:44.718936" elapsed="0.000879" />
</kw>
<kw name="Run Keyword If" owner="BuiltIn">
<kw name="TEST STATUS" owner="mark_test_status">
<arg>passed</arg>
<arg>Test results have been validated!</arg>
<status status="PASS" start="2024-04-15T11:59:44.721866" elapsed="0.530237" />
</kw>
<arg>${match} is True</arg>
<arg>TEST STATUS</arg>
<arg>passed</arg>
<arg>Test results have been validated!</arg>
<doc>Runs the given keyword with the given arguments, if ``condition`` is true.</doc>
<status status="PASS" start="2024-04-15T11:59:44.720259" elapsed="0.532722" />
</kw>
<kw name="Run Keyword If" owner="BuiltIn">
<arg>${match} is False</arg>
<arg>TEST STATUS</arg>
<arg>failed</arg>
<arg>Something went wrong!</arg>
<doc>Runs the given keyword with the given arguments, if ``condition`` is true.</doc>
<status status="PASS" start="2024-04-15T11:59:45.253989" elapsed="0.001317" />
</kw>
<status status="PASS" start="2024-04-15T11:59:38.754343" elapsed="6.501573" />
</kw>
<kw name="Close app" owner="KeywordsFile" type="TEARDOWN">
<kw name="Close Application" owner="AppiumLibrary">
<doc>Closes the current application and also close webdriver session.</doc>
<status status="PASS" start="2024-04-15T11:59:45.260423" elapsed="0.927330" />
</kw>
<status status="PASS" start="2024-04-15T11:59:45.258221" elapsed="0.930023" />
</kw>
<status status="PASS" start="2024-04-15T11:59:15.290997" elapsed="30.897523" />
</test>
<status status="PASS" start="2024-04-15T11:59:14.668065" elapsed="31.523146" />
</suite>
<status status="PASS" start="2024-04-15T11:59:14.668065" elapsed="31.523146" />
</suite><errors>
</errors>
</robot>